2025-05-06 10:09:19 [error]: Request failed with status code 404
2025-05-06 12:19:11 [error]: characters validation failed: embedding.0: Cast to [Number] failed for value "[\n' +
  '  {\n' +
  '    values: [\n' +
  '       -0.014994003, -0.00043344608,  -0.015872413,   -0.08329868,\n' +
  '       -0.026851881,    0.019738961,   0.007931954,  -0.008021557,\n' +
  '       0.0066116164,     0.00901821,  -0.039429788,   0.012466193,\n' +
  '        0.007205582,     0.04229171,    0.12174819,  0.0011791807,\n' +
  '       -0.026270293,   0.0059193093,   0.013524041,  0.0052007665,\n' +
  '       -0.008670493,    0.007737172,  -0.006230996,    0.00417223,\n' +
  '       -0.013328795,    0.005127087, 0.00053802703, -0.0049386653,\n' +
  '        0.013119106,  -0.0016350568,  -0.020684116,  -0.004755887,\n' +
  '        0.009081579,    0.017715262,  -0.004684627,     0.0178441,\n' +
  '        0.011503012,   -0.010137091,  -0.013625258,  -0.012599812,\n' +
  '       0.0002751855,   0.0043783733,   0.022352897,  0.0017895238,\n' +
  '        0.025182804,   -0.020581791,  -0.004459237,   -0.01685656,\n' +
  '       -0.036092907,    0.004253911,  -0.009926612,  -0.015904887,\n' +
  '        0.008012687,    -0.16791134,  -0.005891597,  -0.003833158,\n' +
  '      -0.0076241544,   0.0052841664,   0.006643385,  -0.015888125,\n' +
  '       -0.029320775,   -0.004278447,  -0.007415868,  -0.015825743,\n' +
  '       -0.015692985,     0.00346031,   0.029534442,  0.0040758634,\n' +
  '       -0.043574564,   -0.010320784,  -0.020153143,  -0.025590712,\n' +
  '        -0.04322145,   -0.041893605,  0.0052016247,  -0.021812052,\n' +
  '       -0.016747402,  -0.0022520442,   0.011052598,   0.035958074,\n' +
  '        0.015080287,   -0.019518554,   -0.02394893,  -0.026804809,\n' +
  '        0.020580858,    0.009784522,  0.0015932205, -0.0122047225,\n' +
  '       -0.005479567,    0.012619521, -0.0114457775,  -0.009499102,\n' +
  '        0.029936332,   -0.016143829,  -0.019800564,  -0.016144114,\n' +
  '       -0.020764561,    0.032168224,  0.0124278655, -0.0067207566,\n' +
  '      ... 2972 more items\n' +
  '    ]\n' +
  '  }\n' +
  ']" (type string) at path "embedding.0" because of "CastError"
2025-05-06 12:20:00 [error]: "[object Object]" is not valid JSON
2025-05-06 12:22:23 [error]: characters validation failed: embedding.0: Cast to [Number] failed for value "[\n' +
  '  {\n' +
  '    values: [\n' +
  '       -0.014994003, -0.00043344608,  -0.015872413,   -0.08329868,\n' +
  '       -0.026851881,    0.019738961,   0.007931954,  -0.008021557,\n' +
  '       0.0066116164,     0.00901821,  -0.039429788,   0.012466193,\n' +
  '        0.007205582,     0.04229171,    0.12174819,  0.0011791807,\n' +
  '       -0.026270293,   0.0059193093,   0.013524041,  0.0052007665,\n' +
  '       -0.008670493,    0.007737172,  -0.006230996,    0.00417223,\n' +
  '       -0.013328795,    0.005127087, 0.00053802703, -0.0049386653,\n' +
  '        0.013119106,  -0.0016350568,  -0.020684116,  -0.004755887,\n' +
  '        0.009081579,    0.017715262,  -0.004684627,     0.0178441,\n' +
  '        0.011503012,   -0.010137091,  -0.013625258,  -0.012599812,\n' +
  '       0.0002751855,   0.0043783733,   0.022352897,  0.0017895238,\n' +
  '        0.025182804,   -0.020581791,  -0.004459237,   -0.01685656,\n' +
  '       -0.036092907,    0.004253911,  -0.009926612,  -0.015904887,\n' +
  '        0.008012687,    -0.16791134,  -0.005891597,  -0.003833158,\n' +
  '      -0.0076241544,   0.0052841664,   0.006643385,  -0.015888125,\n' +
  '       -0.029320775,   -0.004278447,  -0.007415868,  -0.015825743,\n' +
  '       -0.015692985,     0.00346031,   0.029534442,  0.0040758634,\n' +
  '       -0.043574564,   -0.010320784,  -0.020153143,  -0.025590712,\n' +
  '        -0.04322145,   -0.041893605,  0.0052016247,  -0.021812052,\n' +
  '       -0.016747402,  -0.0022520442,   0.011052598,   0.035958074,\n' +
  '        0.015080287,   -0.019518554,   -0.02394893,  -0.026804809,\n' +
  '        0.020580858,    0.009784522,  0.0015932205, -0.0122047225,\n' +
  '       -0.005479567,    0.012619521, -0.0114457775,  -0.009499102,\n' +
  '        0.029936332,   -0.016143829,  -0.019800564,  -0.016144114,\n' +
  '       -0.020764561,    0.032168224,  0.0124278655, -0.0067207566,\n' +
  '      ... 2972 more items\n' +
  '    ]\n' +
  '  }\n' +
  ']" (type string) at path "embedding.0" because of "CastError"
2025-05-06 12:56:07 [error]: relationships validation failed: similarity: Cast to Number failed for value "NaN" (type number) at path "similarity"
2025-05-06 13:22:37 [error]: relationships validation failed: similarity: Cast to Number failed for value "NaN" (type number) at path "similarity"
2025-05-06 13:24:03 [error]: relationships validation failed: similarity: Cast to Number failed for value "NaN" (type number) at path "similarity"
2025-05-06 13:26:20 [error]: relationships validation failed: similarity: Cast to Number failed for value "NaN" (type number) at path "similarity"
2025-05-06 13:27:24 [error]: relationships validation failed: similarity: Cast to Number failed for value "NaN" (type number) at path "similarity"
2025-05-06 13:33:37 [error]: relationships validation failed: similarity: Cast to Number failed for value "NaN" (type number) at path "similarity"
